<?xml version="1.0" encoding="UTF-8"?>
<!-- Generated by org.testng.reporters.JUnitReportReporter -->
<testsuite hostname="DESKTOP-CJORDV5" failures="0" tests="5" name="tests.LogInTest" time="41.904" errors="0" timestamp="2023-02-20T11:30:29 EST" skipped="0">
  <testcase classname="tests.LogInTest" name="logIn_to_Salesforce" time="8.383"/>
  <system-out/>
  <testcase classname="tests.LogInTest" name="checkRememberMe" time="13.861"/>
  <system-out/>
  <testcase classname="tests.LogInTest" name="error_logIn" time="5.618"/>
  <system-out/>
  <testcase classname="tests.LogInTest" name="LogInErrorWithInvalidInputs" time="6.910"/>
  <system-out/>
  <testcase classname="tests.LogInTest" name="forgetPasswordTest" time="7.132"/>
  <system-out/>
</testsuite> <!-- tests.LogInTest -->
